<?xml version="1.0" encoding="UTF-8"?>
<!-- Generated by org.testng.reporters.JUnitReportReporter -->
<testsuite hostname="Sasi" failures="0" tests="1" name="com.selenium.information.IsDisplayed.Demo_isDisplayed" time="11.956" errors="0" timestamp="2022-12-16T07:46:50 IST" skipped="0">
  <testcase classname="com.selenium.information.IsDisplayed.Demo_isDisplayed" name="test" time="11.956"/>
  <system-out/>
</testsuite> <!-- com.selenium.information.IsDisplayed.Demo_isDisplayed -->
