<?xml version="1.0" encoding="UTF-8"?>
<!-- Generated by org.testng.reporters.JUnitReportReporter -->
<testsuite hostname="Sasi" failures="0" tests="1" name="com.selenium.navigation.DemoNavigation" time="12.585" errors="0" timestamp="2022-12-22T07:17:24 IST" skipped="0">
  <testcase classname="com.selenium.navigation.DemoNavigation" name="testPageScreenshot" time="12.585"/>
  <system-out/>
</testsuite> <!-- com.selenium.navigation.DemoNavigation -->
