<?xml version="1.0" encoding="UTF-8"?>
<!-- Generated by org.testng.reporters.JUnitReportReporter -->
<testsuite hostname="Sasi" failures="0" tests="2" name="com.test.Test1" time="0.025" errors="0" timestamp="2022-11-03T08:20:28 IST" skipped="0">
  <testcase classname="com.test.Test1" name="happyPath" time="0.024"/>
  <system-out/>
  <testcase classname="com.test.Test1" name="scenario2" time="0.001"/>
  <system-out/>
</testsuite> <!-- com.test.Test1 -->
