<?xml version="1.0" encoding="UTF-8"?>
<!-- Generated by org.testng.reporters.JUnitReportReporter -->
<testsuite hostname="Sasi" failures="0" tests="1" name="com.selenium.multiplewindows.DemoWindowsTab" time="11.465" errors="0" timestamp="2022-12-21T07:32:17 IST" skipped="0">
  <testcase classname="com.selenium.multiplewindows.DemoWindowsTab" name="testWinowID" time="11.465"/>
  <system-out/>
</testsuite> <!-- com.selenium.multiplewindows.DemoWindowsTab -->
