<?xml version="1.0" encoding="UTF-8"?>
<!-- Generated by org.testng.reporters.JUnitReportReporter -->
<testsuite hostname="Sasi" failures="0" tests="1" name="com.selenium.cssSelector.DemocssSelector" time="6.115" errors="0" timestamp="2022-12-30T07:22:34 IST" skipped="0">
  <testcase classname="com.selenium.cssSelector.DemocssSelector" name="test" time="6.115"/>
  <system-out/>
</testsuite> <!-- com.selenium.cssSelector.DemocssSelector -->
