<?xml version="1.0" encoding="UTF-8"?>
<!-- Generated by org.testng.reporters.JUnitReportReporter -->
<testsuite hostname="Sasi" failures="0" tests="1" name="com.selenium.DemoList_PrintMonths" time="16.529" errors="0" timestamp="2022-11-18T08:23:25 IST" skipped="0">
  <testcase classname="com.selenium.DemoList_PrintMonths" name="testPrintMonthNames" time="16.529"/>
  <system-out/>
</testsuite> <!-- com.selenium.DemoList_PrintMonths -->
