<?xml version="1.0" encoding="UTF-8"?>
<!-- Generated by org.testng.reporters.JUnitReportReporter -->
<testsuite hostname="Sasi" failures="0" tests="1" name="com.selenium.FirstTest" time="8.052" errors="0" timestamp="2022-11-09T08:01:42 IST" skipped="0">
  <testcase classname="com.selenium.FirstTest" name="test1" time="8.052"/>
  <system-out/>
</testsuite> <!-- com.selenium.FirstTest -->
