<?xml version="1.0" encoding="UTF-8"?>
<!-- Generated by org.testng.reporters.JUnitReportReporter -->
<testsuite hostname="Sasi" failures="0" tests="6" name="com.selenium.testng.dataProvider.DemoDataProvider" time="19.083" errors="0" timestamp="2022-12-29T07:53:32 IST" skipped="0">
  <testcase classname="com.selenium.testng.dataProvider.DemoDataProvider" name="test" time="3.169"/>
  <system-out/>
  <testcase classname="com.selenium.testng.dataProvider.DemoDataProvider" name="test" time="3.177"/>
  <system-out/>
  <testcase classname="com.selenium.testng.dataProvider.DemoDataProvider" name="test" time="3.207"/>
  <system-out/>
  <testcase classname="com.selenium.testng.dataProvider.DemoDataProvider" name="test" time="3.162"/>
  <system-out/>
  <testcase classname="com.selenium.testng.dataProvider.DemoDataProvider" name="test" time="3.177"/>
  <system-out/>
  <testcase classname="com.selenium.testng.dataProvider.DemoDataProvider" name="test" time="3.191"/>
  <system-out/>
</testsuite> <!-- com.selenium.testng.dataProvider.DemoDataProvider -->
