<?xml version="1.0" encoding="UTF-8"?>
<!-- Generated by org.testng.reporters.JUnitReportReporter -->
<testsuite hostname="Sasi" failures="0" tests="1" name="com.selenium.information.IsDisplayed.Demo_isSelected" time="11.471" errors="0" timestamp="2022-12-16T07:54:29 IST" skipped="0">
  <testcase classname="com.selenium.information.IsDisplayed.Demo_isSelected" name="test" time="11.471"/>
  <system-out/>
</testsuite> <!-- com.selenium.information.IsDisplayed.Demo_isSelected -->
