<?xml version="1.0" encoding="UTF-8"?>
<!-- Generated by org.testng.reporters.JUnitReportReporter -->
<testsuite hostname="Sasi" failures="0" tests="1" name="com.oops.poly.TestP1" time="0.008" errors="0" timestamp="2022-11-04T07:51:29 IST" skipped="0">
  <testcase classname="com.oops.poly.TestP1" name="testP" time="0.008"/>
  <system-out/>
</testsuite> <!-- com.oops.poly.TestP1 -->
