<?xml version="1.0" encoding="UTF-8"?>
<!-- Generated by org.testng.reporters.JUnitReportReporter -->
<testsuite hostname="Sasi" failures="0" tests="1" name="com.oops.inheritance.B2" time="0.009" errors="0" timestamp="2022-11-03T07:30:36 IST" skipped="0">
  <testcase classname="com.oops.inheritance.B2" name="testFlow" time="0.009"/>
  <system-out/>
</testsuite> <!-- com.oops.inheritance.B2 -->
