<?xml version="1.0" encoding="UTF-8"?>
<!-- Generated by org.testng.reporters.JUnitReportReporter -->
<testsuite hostname="Sasi" failures="0" tests="1" name="com.selenium.alerrts.DemoAlerts" time="23.843" errors="0" timestamp="2022-12-15T07:59:44 IST" skipped="0">
  <testcase classname="com.selenium.alerrts.DemoAlerts" name="test" time="23.843"/>
  <system-out/>
</testsuite> <!-- com.selenium.alerrts.DemoAlerts -->
