<?xml version="1.0" encoding="UTF-8"?>
<!-- Generated by org.testng.reporters.JUnitReportReporter -->
<testsuite hostname="Sasi" failures="0" tests="1" name="com.selenium.BrowserOption.DemoChromeOptions" time="4.096" errors="0" timestamp="2022-12-26T07:32:04 IST" skipped="0">
  <testcase classname="com.selenium.BrowserOption.DemoChromeOptions" name="testLoginActionsClass" time="4.096"/>
  <system-out/>
</testsuite> <!-- com.selenium.BrowserOption.DemoChromeOptions -->
