<?xml version="1.0" encoding="UTF-8"?>
<!-- Generated by org.testng.reporters.JUnitReportReporter -->
<testsuite hostname="Sasi" failures="0" tests="1" name="com.selenium.actions.mouseHover.DemoDragAndDrop" time="15.129" errors="0" timestamp="2022-12-15T07:43:30 IST" skipped="0">
  <testcase classname="com.selenium.actions.mouseHover.DemoDragAndDrop" name="test" time="15.129"/>
  <system-out/>
</testsuite> <!-- com.selenium.actions.mouseHover.DemoDragAndDrop -->
