<?xml version="1.0" encoding="UTF-8"?>
<!-- Generated by org.testng.reporters.JUnitReportReporter -->
<testsuite hostname="Sasi" failures="0" tests="1" name="com.java.mehods.TestCase" time="0.007" errors="0" timestamp="2022-10-28T07:34:03 IST" skipped="0">
  <testcase classname="com.java.mehods.TestCase" name="testCaseFlow" time="0.007"/>
  <system-out/>
</testsuite> <!-- com.java.mehods.TestCase -->
