<?xml version="1.0" encoding="UTF-8"?>
<!-- Generated by org.testng.reporters.JUnitReportReporter -->
<testsuite hostname="Sasi" failures="0" tests="1" name="com.xpath.amazon.DemoxpathClass" time="3.464" errors="0" timestamp="2022-12-07T08:17:50 IST" skipped="0">
  <testcase classname="com.xpath.amazon.DemoxpathClass" name="test1" time="3.464"/>
  <system-out/>
</testsuite> <!-- com.xpath.amazon.DemoxpathClass -->
