<?xml version="1.0" encoding="UTF-8"?>
<!-- Generated by org.testng.reporters.JUnitReportReporter -->
<testsuite hostname="Sasi" failures="0" tests="1" name="com.webdriver.ohrmLogin.TestFBLogin" time="6.638" errors="0" timestamp="2022-12-01T07:45:18 IST" skipped="0">
  <testcase classname="com.webdriver.ohrmLogin.TestFBLogin" name="testLogin" time="6.638"/>
  <system-out/>
</testsuite> <!-- com.webdriver.ohrmLogin.TestFBLogin -->
