<?xml version="1.0" encoding="UTF-8"?>
<!-- Generated by org.testng.reporters.JUnitReportReporter -->
<testsuite hostname="Sasi" failures="0" tests="1" name="com.interfaces.SBI" time="0.012" errors="0" timestamp="2022-11-17T08:16:19 IST" skipped="0">
  <testcase classname="com.interfaces.SBI" name="testcase1" time="0.012"/>
  <system-out/>
</testsuite> <!-- com.interfaces.SBI -->
