<?xml version="1.0" encoding="UTF-8"?>
<!-- Generated by org.testng.reporters.JUnitReportReporter -->
<testsuite hostname="Sasi" failures="0" tests="2" name="com.selenium.actions.mouseHover.Amazon_MouseHover" time="6.166" errors="0" timestamp="2022-12-13T07:46:01 IST" skipped="1">
  <testcase classname="com.selenium.actions.mouseHover.Amazon_MouseHover" name="testPerfectoLoginlist" time="6.166"/>
  <system-out/>
  <testcase classname="com.selenium.actions.mouseHover.Amazon_MouseHover" name="testMouseHover">
    <skipped/>
  </testcase> <!-- testMouseHover -->
  <system-out/>
</testsuite> <!-- com.selenium.actions.mouseHover.Amazon_MouseHover -->
