<?xml version="1.0" encoding="UTF-8"?>
<!-- Generated by org.testng.reporters.JUnitReportReporter -->
<testsuite hostname="Sasi" failures="0" tests="1" name="com.java.strings.DemoString1" time="0.011" errors="0" timestamp="2022-11-24T10:52:49 IST" skipped="0">
  <testcase classname="com.java.strings.DemoString1" name="testStrigns" time="0.011"/>
  <system-out/>
</testsuite> <!-- com.java.strings.DemoString1 -->
