<?xml version="1.0" encoding="UTF-8"?>
<!-- Generated by org.testng.reporters.JUnitReportReporter -->
<testsuite hostname="Sasi" failures="0" tests="1" name="com.oops.poly.SBI" time="0.011" errors="0" timestamp="2022-11-08T07:40:55 IST" skipped="0">
  <testcase classname="com.oops.poly.SBI" name="testflow" time="0.011"/>
  <system-out/>
</testsuite> <!-- com.oops.poly.SBI -->
