<?xml version="1.0" encoding="UTF-8"?>
<!-- Generated by org.testng.reporters.JUnitReportReporter -->
<testsuite hostname="Sasi" failures="0" tests="1" name="com.selenium.waits.DemoPageLoadVerification" time="0.288" errors="0" timestamp="2022-12-23T07:52:03 IST" skipped="0">
  <testcase classname="com.selenium.waits.DemoPageLoadVerification" name="testPageScreenshot" time="0.288"/>
  <system-out/>
</testsuite> <!-- com.selenium.waits.DemoPageLoadVerification -->
