<?xml version="1.0" encoding="UTF-8"?>
<!-- Generated by org.testng.reporters.JUnitReportReporter -->
<testsuite hostname="Sasi" failures="0" tests="1" name="com.java.strings.DemoStringReverse" time="0.007" errors="0" timestamp="2022-11-24T10:53:45 IST" skipped="0">
  <testcase classname="com.java.strings.DemoStringReverse" name="testStrRev" time="0.007"/>
  <system-out/>
</testsuite> <!-- com.java.strings.DemoStringReverse -->
