<?xml version="1.0" encoding="UTF-8"?>
<!-- Generated by org.testng.reporters.JUnitReportReporter -->
<testsuite hostname="Sasi" failures="0" tests="1" name="com.oops.inheritance.B1" time="243.436" errors="0" timestamp="2022-11-04T07:37:06 IST" skipped="0">
  <testcase classname="com.oops.inheritance.B1" name="test1" time="243.436"/>
  <system-out/>
</testsuite> <!-- com.oops.inheritance.B1 -->
