<?xml version="1.0" encoding="UTF-8"?>
<!-- Generated by org.testng.reporters.JUnitReportReporter -->
<testsuite hostname="Sasi" failures="0" tests="1" name="com.java.strings.DemoStringReverse" time="0.008" errors="0" timestamp="2022-11-11T08:03:36 IST" skipped="0">
  <testcase classname="com.java.strings.DemoStringReverse" name="testStrRev" time="0.008"/>
  <system-out/>
</testsuite> <!-- com.java.strings.DemoStringReverse -->
