<?xml version="1.0" encoding="UTF-8"?>
<!-- Generated by org.testng.reporters.JUnitReportReporter -->
<testsuite hostname="Sasi" failures="0" tests="1" name="com.java.mehods.DemoTest" time="0.014" errors="0" timestamp="2022-10-27T08:00:25 IST" skipped="0">
  <testcase classname="com.java.mehods.DemoTest" name="testFlow1" time="0.014"/>
  <system-out/>
</testsuite> <!-- com.java.mehods.DemoTest -->
