<?xml version="1.0" encoding="UTF-8"?>
<!-- Generated by org.testng.reporters.JUnitReportReporter -->
<testsuite hostname="Sasi" failures="0" tests="1" name="com.webdriver.ohrmLogin.TestOhrmLogin" time="15.607" errors="0" timestamp="2022-12-01T07:29:37 IST" skipped="0">
  <testcase classname="com.webdriver.ohrmLogin.TestOhrmLogin" name="testLogin" time="15.607"/>
  <system-out/>
</testsuite> <!-- com.webdriver.ohrmLogin.TestOhrmLogin -->
