<?xml version="1.0" encoding="UTF-8"?>
<!-- Generated by org.testng.reporters.JUnitReportReporter -->
<testsuite hostname="Sasi" failures="0" tests="1" name="com.selenium.oops.inheritance.hrm.TestDemo" time="24.812" errors="0" timestamp="2022-11-15T07:53:01 IST" skipped="0">
  <testcase classname="com.selenium.oops.inheritance.hrm.TestDemo" name="testLogin" time="24.812"/>
  <system-out/>
</testsuite> <!-- com.selenium.oops.inheritance.hrm.TestDemo -->
