<?xml version="1.0" encoding="UTF-8"?>
<!-- Generated by org.testng.reporters.JUnitReportReporter -->
<testsuite hostname="Sasi" failures="0" tests="1" name="com.selenium.waits.DemoWaitsJavaScript" time="0.016" errors="0" timestamp="2022-12-23T06:37:02 IST" skipped="0">
  <testcase classname="com.selenium.waits.DemoWaitsJavaScript" name="testPageScreenshot" time="0.016"/>
  <system-out/>
</testsuite> <!-- com.selenium.waits.DemoWaitsJavaScript -->
