<?xml version="1.0" encoding="UTF-8"?>
<!-- Generated by org.testng.reporters.JUnitReportReporter -->
<testsuite hostname="Sasi" failures="0" tests="1" name="com.selenium.DemoList_PrintMonths" time="6.060" errors="0" timestamp="2022-12-23T07:38:36 IST" skipped="0">
  <testcase classname="com.selenium.DemoList_PrintMonths" name="testPrintMonthNames" time="6.060"/>
  <system-out/>
</testsuite> <!-- com.selenium.DemoList_PrintMonths -->
