<?xml version="1.0" encoding="UTF-8"?>
<!-- Generated by org.testng.reporters.JUnitReportReporter -->
<testsuite hostname="Sasi" failures="0" tests="1" name="com.java.mehod2.Tc2" time="0.008" errors="0" timestamp="2022-10-28T07:57:42 IST" skipped="0">
  <testcase classname="com.java.mehod2.Tc2" name="testCaseFlow" time="0.008"/>
  <system-out/>
</testsuite> <!-- com.java.mehod2.Tc2 -->
