<?xml version="1.0" encoding="UTF-8"?>
<!-- Generated by org.testng.reporters.JUnitReportReporter -->
<testsuite hostname="Sasi" failures="0" tests="1" name="com.oops.poly.C1T1" time="0.009" errors="0" timestamp="2022-11-04T08:08:35 IST" skipped="0">
  <testcase classname="com.oops.poly.C1T1" name="te1" time="0.009"/>
  <system-out/>
</testsuite> <!-- com.oops.poly.C1T1 -->
