<?xml version="1.0" encoding="UTF-8"?>
<!-- Generated by org.testng.reporters.JUnitReportReporter -->
<testsuite hostname="Sasi" failures="0" tests="1" name="com.selenium.information.IsDisplayed.DemoWindows" time="19.020" errors="0" timestamp="2022-12-20T12:44:26 IST" skipped="0">
  <testcase classname="com.selenium.information.IsDisplayed.DemoWindows" name="testWinowID" time="19.020"/>
  <system-out/>
</testsuite> <!-- com.selenium.information.IsDisplayed.DemoWindows -->
