<?xml version="1.0" encoding="UTF-8"?>
<!-- Generated by org.testng.reporters.JUnitReportReporter -->
<testsuite hostname="Sasi" failures="0" tests="1" name="com.interfaces.HDFC" time="0.007" errors="0" timestamp="2022-11-17T08:16:29 IST" skipped="0">
  <testcase classname="com.interfaces.HDFC" name="testcase1" time="0.007"/>
  <system-out/>
</testsuite> <!-- com.interfaces.HDFC -->
