<?xml version="1.0" encoding="UTF-8"?>
<!-- Generated by org.testng.reporters.JUnitReportReporter -->
<testsuite hostname="Sasi" failures="0" tests="1" name="com.selenium.SecondTest" time="5.446" errors="0" timestamp="2022-10-24T08:00:30 IST" skipped="0">
  <testcase classname="com.selenium.SecondTest" name="verifyPageTitle" time="5.446"/>
  <system-out/>
</testsuite> <!-- com.selenium.SecondTest -->
