<?xml version="1.0" encoding="UTF-8"?>
<!-- Generated by org.testng.reporters.JUnitReportReporter -->
<testsuite hostname="Sasi" failures="0" tests="2" name="com.selenium.multiplewindows.DemoNewTab" time="11.109" errors="0" timestamp="2022-12-21T07:45:25 IST" skipped="1">
  <testcase classname="com.selenium.multiplewindows.DemoNewTab" name="testNewTab" time="11.109"/>
  <system-out/>
  <testcase classname="com.selenium.multiplewindows.DemoNewTab" name="testNewWindow">
    <skipped/>
  </testcase> <!-- testNewWindow -->
  <system-out/>
</testsuite> <!-- com.selenium.multiplewindows.DemoNewTab -->
