<?xml version="1.0" encoding="UTF-8"?>
<!-- Generated by org.testng.reporters.JUnitReportReporter -->
<testsuite hostname="Sasi" failures="0" tests="2" name="com.selenium.screenshots.DemoScreenshot" time="3.579" errors="0" timestamp="2022-12-21T08:08:32 IST" skipped="0">
  <testcase classname="com.selenium.screenshots.DemoScreenshot" name="testElementScreenshot" time="3.327"/>
  <system-out/>
  <testcase classname="com.selenium.screenshots.DemoScreenshot" name="testPageScreenshot" time="0.252"/>
  <system-out/>
</testsuite> <!-- com.selenium.screenshots.DemoScreenshot -->
